<?xml version="1.0" encoding="UTF-8"?>
<testsuite xmlns:xsi="http://www.w3.org/2001/XMLSchema-instance" xsi:noNamespaceSchemaLocation="https://maven.apache.org/surefire/maven-surefire-plugin/xsd/surefire-test-report.xsd" name="com.project.property.PropertyAdminApplicationTests" time="6.148" tests="7" errors="0" skipped="0" failures="0">
  <properties>
    <property name="sun.desktop" value="windows"/>
    <property name="awt.toolkit" value="sun.awt.windows.WToolkit"/>
    <property name="file.encoding.pkg" value="sun.io"/>
    <property name="java.specification.version" value="1.8"/>
    <property name="sun.cpu.isalist" value="amd64"/>
    <property name="sun.jnu.encoding" value="GBK"/>
    <property name="java.class.path" value="C:\Users\camio\Desktop\community management\community_estate_manage\target\test-classes;C:\Users\camio\Desktop\community management\community_estate_manage\target\classes;F:\dev_softerware\repository\org\springframework\boot\spring-boot-starter-thymeleaf\2.2.9.RELEASE\spring-boot-starter-thymeleaf-2.2.9.RELEASE.jar;F:\dev_softerware\repository\org\springframework\boot\spring-boot-starter\2.2.9.RELEASE\spring-boot-starter-2.2.9.RELEASE.jar;F:\dev_softerware\repository\org\springframework\boot\spring-boot-starter-logging\2.2.9.RELEASE\spring-boot-starter-logging-2.2.9.RELEASE.jar;F:\dev_softerware\repository\ch\qos\logback\logback-classic\1.2.3\logback-classic-1.2.3.jar;F:\dev_softerware\repository\ch\qos\logback\logback-core\1.2.3\logback-core-1.2.3.jar;F:\dev_softerware\repository\org\apache\logging\log4j\log4j-to-slf4j\2.12.1\log4j-to-slf4j-2.12.1.jar;F:\dev_softerware\repository\org\apache\logging\log4j\log4j-api\2.12.1\log4j-api-2.12.1.jar;F:\dev_softerware\repository\org\slf4j\jul-to-slf4j\1.7.30\jul-to-slf4j-1.7.30.jar;F:\dev_softerware\repository\jakarta\annotation\jakarta.annotation-api\1.3.5\jakarta.annotation-api-1.3.5.jar;F:\dev_softerware\repository\org\yaml\snakeyaml\1.25\snakeyaml-1.25.jar;F:\dev_softerware\repository\org\thymeleaf\thymeleaf-spring5\3.0.11.RELEASE\thymeleaf-spring5-3.0.11.RELEASE.jar;F:\dev_softerware\repository\org\thymeleaf\thymeleaf\3.0.11.RELEASE\thymeleaf-3.0.11.RELEASE.jar;F:\dev_softerware\repository\org\attoparser\attoparser\2.0.5.RELEASE\attoparser-2.0.5.RELEASE.jar;F:\dev_softerware\repository\org\unbescape\unbescape\1.1.6.RELEASE\unbescape-1.1.6.RELEASE.jar;F:\dev_softerware\repository\org\slf4j\slf4j-api\1.7.30\slf4j-api-1.7.30.jar;F:\dev_softerware\repository\org\thymeleaf\extras\thymeleaf-extras-java8time\3.0.4.RELEASE\thymeleaf-extras-java8time-3.0.4.RELEASE.jar;F:\dev_softerware\repository\org\springframework\boot\spring-boot-starter-web\2.2.9.RELEASE\spring-boot-starter-web-2.2.9.RELEASE.jar;F:\dev_softerware\repository\org\springframework\boot\spring-boot-starter-json\2.2.9.RELEASE\spring-boot-starter-json-2.2.9.RELEASE.jar;F:\dev_softerware\repository\com\fasterxml\jackson\core\jackson-databind\2.10.5\jackson-databind-2.10.5.jar;F:\dev_softerware\repository\com\fasterxml\jackson\core\jackson-annotations\2.10.5\jackson-annotations-2.10.5.jar;F:\dev_softerware\repository\com\fasterxml\jackson\core\jackson-core\2.10.5\jackson-core-2.10.5.jar;F:\dev_softerware\repository\com\fasterxml\jackson\datatype\jackson-datatype-jdk8\2.10.5\jackson-datatype-jdk8-2.10.5.jar;F:\dev_softerware\repository\com\fasterxml\jackson\datatype\jackson-datatype-jsr310\2.10.5\jackson-datatype-jsr310-2.10.5.jar;F:\dev_softerware\repository\com\fasterxml\jackson\module\jackson-module-parameter-names\2.10.5\jackson-module-parameter-names-2.10.5.jar;F:\dev_softerware\repository\org\springframework\boot\spring-boot-starter-tomcat\2.2.9.RELEASE\spring-boot-starter-tomcat-2.2.9.RELEASE.jar;F:\dev_softerware\repository\org\apache\tomcat\embed\tomcat-embed-core\9.0.37\tomcat-embed-core-9.0.37.jar;F:\dev_softerware\repository\org\apache\tomcat\embed\tomcat-embed-el\9.0.37\tomcat-embed-el-9.0.37.jar;F:\dev_softerware\repository\org\apache\tomcat\embed\tomcat-embed-websocket\9.0.37\tomcat-embed-websocket-9.0.37.jar;F:\dev_softerware\repository\org\springframework\boot\spring-boot-starter-validation\2.2.9.RELEASE\spring-boot-starter-validation-2.2.9.RELEASE.jar;F:\dev_softerware\repository\jakarta\validation\jakarta.validation-api\2.0.2\jakarta.validation-api-2.0.2.jar;F:\dev_softerware\repository\org\hibernate\validator\hibernate-validator\6.0.20.Final\hibernate-validator-6.0.20.Final.jar;F:\dev_softerware\repository\org\springframework\spring-web\5.2.8.RELEASE\spring-web-5.2.8.RELEASE.jar;F:\dev_softerware\repository\org\springframework\spring-beans\5.2.8.RELEASE\spring-beans-5.2.8.RELEASE.jar;F:\dev_softerware\repository\org\springframework\spring-webmvc\5.2.8.RELEASE\spring-webmvc-5.2.8.RELEASE.jar;F:\dev_softerware\repository\org\springframework\spring-aop\5.2.8.RELEASE\spring-aop-5.2.8.RELEASE.jar;F:\dev_softerware\repository\org\springframework\spring-context\5.2.8.RELEASE\spring-context-5.2.8.RELEASE.jar;F:\dev_softerware\repository\org\springframework\spring-expression\5.2.8.RELEASE\spring-expression-5.2.8.RELEASE.jar;F:\dev_softerware\repository\org\springframework\boot\spring-boot-starter-jdbc\2.2.9.RELEASE\spring-boot-starter-jdbc-2.2.9.RELEASE.jar;F:\dev_softerware\repository\com\zaxxer\HikariCP\3.4.5\HikariCP-3.4.5.jar;F:\dev_softerware\repository\org\springframework\spring-jdbc\5.2.8.RELEASE\spring-jdbc-5.2.8.RELEASE.jar;F:\dev_softerware\repository\org\springframework\spring-tx\5.2.8.RELEASE\spring-tx-5.2.8.RELEASE.jar;F:\dev_softerware\repository\org\mybatis\spring\boot\mybatis-spring-boot-starter\2.1.3\mybatis-spring-boot-starter-2.1.3.jar;F:\dev_softerware\repository\org\mybatis\spring\boot\mybatis-spring-boot-autoconfigure\2.1.3\mybatis-spring-boot-autoconfigure-2.1.3.jar;F:\dev_softerware\repository\org\mybatis\mybatis\3.5.5\mybatis-3.5.5.jar;F:\dev_softerware\repository\org\mybatis\mybatis-spring\2.0.5\mybatis-spring-2.0.5.jar;F:\dev_softerware\repository\mysql\mysql-connector-java\8.0.21\mysql-connector-java-8.0.21.jar;F:\dev_softerware\repository\org\projectlombok\lombok\1.18.12\lombok-1.18.12.jar;F:\dev_softerware\repository\org\apache\poi\poi\4.0.1\poi-4.0.1.jar;F:\dev_softerware\repository\commons-codec\commons-codec\1.13\commons-codec-1.13.jar;F:\dev_softerware\repository\org\apache\commons\commons-collections4\4.2\commons-collections4-4.2.jar;F:\dev_softerware\repository\org\apache\commons\commons-math3\3.6.1\commons-math3-3.6.1.jar;F:\dev_softerware\repository\org\apache\poi\poi-ooxml\4.0.1\poi-ooxml-4.0.1.jar;F:\dev_softerware\repository\org\apache\poi\poi-ooxml-schemas\4.0.1\poi-ooxml-schemas-4.0.1.jar;F:\dev_softerware\repository\org\apache\xmlbeans\xmlbeans\3.0.2\xmlbeans-3.0.2.jar;F:\dev_softerware\repository\org\apache\commons\commons-compress\1.18\commons-compress-1.18.jar;F:\dev_softerware\repository\com\github\virtuald\curvesapi\1.05\curvesapi-1.05.jar;F:\dev_softerware\repository\com\alibaba\fastjson\1.2.47\fastjson-1.2.47.jar;F:\dev_softerware\repository\com\github\binarywang\weixin-java-miniapp\3.7.0\weixin-java-miniapp-3.7.0.jar;F:\dev_softerware\repository\com\github\binarywang\weixin-java-common\3.7.0\weixin-java-common-3.7.0.jar;F:\dev_softerware\repository\com\thoughtworks\xstream\xstream\1.4.11.1\xstream-1.4.11.1.jar;F:\dev_softerware\repository\xmlpull\xmlpull\1.1.3.1\xmlpull-1.1.3.1.jar;F:\dev_softerware\repository\xpp3\xpp3_min\1.1.4c\xpp3_min-1.1.4c.jar;F:\dev_softerware\repository\org\apache\httpcomponents\httpclient\4.5.12\httpclient-4.5.12.jar;F:\dev_softerware\repository\org\apache\httpcomponents\httpcore\4.4.13\httpcore-4.4.13.jar;F:\dev_softerware\repository\org\apache\httpcomponents\httpmime\4.5.12\httpmime-4.5.12.jar;F:\dev_softerware\repository\org\slf4j\jcl-over-slf4j\1.7.30\jcl-over-slf4j-1.7.30.jar;F:\dev_softerware\repository\com\google\code\gson\gson\2.8.6\gson-2.8.6.jar;F:\dev_softerware\repository\commons-io\commons-io\2.5\commons-io-2.5.jar;F:\dev_softerware\repository\org\apache\commons\commons-lang3\3.9\commons-lang3-3.9.jar;F:\dev_softerware\repository\com\google\guava\guava\20.0\guava-20.0.jar;F:\dev_softerware\repository\org\dom4j\dom4j\2.1.1\dom4j-2.1.1.jar;F:\dev_softerware\repository\org\bouncycastle\bcpkix-jdk15on\1.59\bcpkix-jdk15on-1.59.jar;F:\dev_softerware\repository\org\bouncycastle\bcprov-jdk15on\1.59\bcprov-jdk15on-1.59.jar;F:\dev_softerware\repository\org\springframework\boot\spring-boot-devtools\2.2.9.RELEASE\spring-boot-devtools-2.2.9.RELEASE.jar;F:\dev_softerware\repository\org\springframework\boot\spring-boot\2.2.9.RELEASE\spring-boot-2.2.9.RELEASE.jar;F:\dev_softerware\repository\org\springframework\boot\spring-boot-autoconfigure\2.2.9.RELEASE\spring-boot-autoconfigure-2.2.9.RELEASE.jar;F:\dev_softerware\repository\com\github\pagehelper\pagehelper\5.1.2\pagehelper-5.1.2.jar;F:\dev_softerware\repository\com\github\jsqlparser\jsqlparser\1.0\jsqlparser-1.0.jar;F:\dev_softerware\repository\com\alibaba\druid\1.1.22\druid-1.1.22.jar;F:\dev_softerware\repository\com\sun\jersey\jersey-core\1.19\jersey-core-1.19.jar;F:\dev_softerware\repository\javax\ws\rs\jsr311-api\1.1.1\jsr311-api-1.1.1.jar;F:\dev_softerware\repository\com\sun\jersey\jersey-client\1.19\jersey-client-1.19.jar;F:\dev_softerware\repository\org\webjars\jquery\3.5.1\jquery-3.5.1.jar;F:\dev_softerware\repository\org\webjars\layui\2.5.6\layui-2.5.6.jar;F:\dev_softerware\repository\org\springframework\boot\spring-boot-starter-data-jpa\2.2.9.RELEASE\spring-boot-starter-data-jpa-2.2.9.RELEASE.jar;F:\dev_softerware\repository\org\springframework\boot\spring-boot-starter-aop\2.2.9.RELEASE\spring-boot-starter-aop-2.2.9.RELEASE.jar;F:\dev_softerware\repository\org\aspectj\aspectjweaver\1.9.6\aspectjweaver-1.9.6.jar;F:\dev_softerware\repository\jakarta\persistence\jakarta.persistence-api\2.2.3\jakarta.persistence-api-2.2.3.jar;F:\dev_softerware\repository\jakarta\transaction\jakarta.transaction-api\1.3.3\jakarta.transaction-api-1.3.3.jar;F:\dev_softerware\repository\org\hibernate\hibernate-core\5.4.18.Final\hibernate-core-5.4.18.Final.jar;F:\dev_softerware\repository\org\jboss\logging\jboss-logging\3.4.1.Final\jboss-logging-3.4.1.Final.jar;F:\dev_softerware\repository\org\javassist\javassist\3.24.0-GA\javassist-3.24.0-GA.jar;F:\dev_softerware\repository\net\bytebuddy\byte-buddy\1.10.13\byte-buddy-1.10.13.jar;F:\dev_softerware\repository\antlr\antlr\2.7.7\antlr-2.7.7.jar;F:\dev_softerware\repository\org\jboss\jandex\2.1.3.Final\jandex-2.1.3.Final.jar;F:\dev_softerware\repository\com\fasterxml\classmate\1.5.1\classmate-1.5.1.jar;F:\dev_softerware\repository\org\hibernate\common\hibernate-commons-annotations\5.1.0.Final\hibernate-commons-annotations-5.1.0.Final.jar;F:\dev_softerware\repository\org\glassfish\jaxb\jaxb-runtime\2.3.3\jaxb-runtime-2.3.3.jar;F:\dev_softerware\repository\org\glassfish\jaxb\txw2\2.3.3\txw2-2.3.3.jar;F:\dev_softerware\repository\com\sun\istack\istack-commons-runtime\3.0.11\istack-commons-runtime-3.0.11.jar;F:\dev_softerware\repository\com\sun\activation\jakarta.activation\1.2.2\jakarta.activation-1.2.2.jar;F:\dev_softerware\repository\org\springframework\data\spring-data-jpa\2.2.9.RELEASE\spring-data-jpa-2.2.9.RELEASE.jar;F:\dev_softerware\repository\org\springframework\data\spring-data-commons\2.2.9.RELEASE\spring-data-commons-2.2.9.RELEASE.jar;F:\dev_softerware\repository\org\springframework\spring-orm\5.2.8.RELEASE\spring-orm-5.2.8.RELEASE.jar;F:\dev_softerware\repository\org\springframework\spring-aspects\5.2.8.RELEASE\spring-aspects-5.2.8.RELEASE.jar;F:\dev_softerware\repository\cn\hutool\hutool-all\5.5.4\hutool-all-5.5.4.jar;F:\dev_softerware\repository\javax\mail\mail\1.4.7\mail-1.4.7.jar;F:\dev_softerware\repository\javax\activation\activation\1.1\activation-1.1.jar;F:\dev_softerware\repository\org\springframework\boot\spring-boot-starter-test\2.2.9.RELEASE\spring-boot-starter-test-2.2.9.RELEASE.jar;F:\dev_softerware\repository\org\springframework\boot\spring-boot-test\2.2.9.RELEASE\spring-boot-test-2.2.9.RELEASE.jar;F:\dev_softerware\repository\org\springframework\boot\spring-boot-test-autoconfigure\2.2.9.RELEASE\spring-boot-test-autoconfigure-2.2.9.RELEASE.jar;F:\dev_softerware\repository\com\jayway\jsonpath\json-path\2.4.0\json-path-2.4.0.jar;F:\dev_softerware\repository\net\minidev\json-smart\2.3\json-smart-2.3.jar;F:\dev_softerware\repository\net\minidev\accessors-smart\1.2\accessors-smart-1.2.jar;F:\dev_softerware\repository\org\ow2\asm\asm\5.0.4\asm-5.0.4.jar;F:\dev_softerware\repository\jakarta\xml\bind\jakarta.xml.bind-api\2.3.3\jakarta.xml.bind-api-2.3.3.jar;F:\dev_softerware\repository\jakarta\activation\jakarta.activation-api\1.2.2\jakarta.activation-api-1.2.2.jar;F:\dev_softerware\repository\org\junit\jupiter\junit-jupiter\5.5.2\junit-jupiter-5.5.2.jar;F:\dev_softerware\repository\org\junit\jupiter\junit-jupiter-api\5.5.2\junit-jupiter-api-5.5.2.jar;F:\dev_softerware\repository\org\apiguardian\apiguardian-api\1.1.0\apiguardian-api-1.1.0.jar;F:\dev_softerware\repository\org\opentest4j\opentest4j\1.2.0\opentest4j-1.2.0.jar;F:\dev_softerware\repository\org\junit\platform\junit-platform-commons\1.5.2\junit-platform-commons-1.5.2.jar;F:\dev_softerware\repository\org\junit\jupiter\junit-jupiter-params\5.5.2\junit-jupiter-params-5.5.2.jar;F:\dev_softerware\repository\org\junit\jupiter\junit-jupiter-engine\5.5.2\junit-jupiter-engine-5.5.2.jar;F:\dev_softerware\repository\org\junit\platform\junit-platform-engine\1.5.2\junit-platform-engine-1.5.2.jar;F:\dev_softerware\repository\org\mockito\mockito-junit-jupiter\3.1.0\mockito-junit-jupiter-3.1.0.jar;F:\dev_softerware\repository\org\assertj\assertj-core\3.13.2\assertj-core-3.13.2.jar;F:\dev_softerware\repository\org\hamcrest\hamcrest\2.1\hamcrest-2.1.jar;F:\dev_softerware\repository\org\mockito\mockito-core\3.1.0\mockito-core-3.1.0.jar;F:\dev_softerware\repository\net\bytebuddy\byte-buddy-agent\1.10.13\byte-buddy-agent-1.10.13.jar;F:\dev_softerware\repository\org\objenesis\objenesis\2.6\objenesis-2.6.jar;F:\dev_softerware\repository\org\skyscreamer\jsonassert\1.5.0\jsonassert-1.5.0.jar;F:\dev_softerware\repository\com\vaadin\external\google\android-json\0.0.20131108.vaadin1\android-json-0.0.20131108.vaadin1.jar;F:\dev_softerware\repository\org\springframework\spring-core\5.2.8.RELEASE\spring-core-5.2.8.RELEASE.jar;F:\dev_softerware\repository\org\springframework\spring-jcl\5.2.8.RELEASE\spring-jcl-5.2.8.RELEASE.jar;F:\dev_softerware\repository\org\springframework\spring-test\5.2.8.RELEASE\spring-test-5.2.8.RELEASE.jar;F:\dev_softerware\repository\org\xmlunit\xmlunit-core\2.6.4\xmlunit-core-2.6.4.jar;"/>
    <property name="java.vm.vendor" value="Oracle Corporation"/>
    <property name="sun.arch.data.model" value="64"/>
    <property name="user.variant" value=""/>
    <property name="java.vendor.url" value="http://java.oracle.com/"/>
    <property name="user.timezone" value="Asia/Shanghai"/>
    <property name="java.vm.specification.version" value="1.8"/>
    <property name="os.name" value="Windows 11"/>
    <property name="user.country" value="CN"/>
    <property name="sun.java.launcher" value="SUN_STANDARD"/>
    <property name="sun.boot.library.path" value="D:\Java\JDK\jre\bin"/>
    <property name="sun.java.command" value="C:\Users\camio\AppData\Local\Temp\surefire8909181916933973233\surefirebooter6978410543470369354.jar C:\Users\camio\AppData\Local\Temp\surefire8909181916933973233 2025-04-07T05-21-32_893-jvmRun1 surefire1859402472260953474tmp surefire_09170854824524885754tmp"/>
    <property name="surefire.test.class.path" value="C:\Users\camio\Desktop\community management\community_estate_manage\target\test-classes;C:\Users\camio\Desktop\community management\community_estate_manage\target\classes;F:\dev_softerware\repository\org\springframework\boot\spring-boot-starter-thymeleaf\2.2.9.RELEASE\spring-boot-starter-thymeleaf-2.2.9.RELEASE.jar;F:\dev_softerware\repository\org\springframework\boot\spring-boot-starter\2.2.9.RELEASE\spring-boot-starter-2.2.9.RELEASE.jar;F:\dev_softerware\repository\org\springframework\boot\spring-boot-starter-logging\2.2.9.RELEASE\spring-boot-starter-logging-2.2.9.RELEASE.jar;F:\dev_softerware\repository\ch\qos\logback\logback-classic\1.2.3\logback-classic-1.2.3.jar;F:\dev_softerware\repository\ch\qos\logback\logback-core\1.2.3\logback-core-1.2.3.jar;F:\dev_softerware\repository\org\apache\logging\log4j\log4j-to-slf4j\2.12.1\log4j-to-slf4j-2.12.1.jar;F:\dev_softerware\repository\org\apache\logging\log4j\log4j-api\2.12.1\log4j-api-2.12.1.jar;F:\dev_softerware\repository\org\slf4j\jul-to-slf4j\1.7.30\jul-to-slf4j-1.7.30.jar;F:\dev_softerware\repository\jakarta\annotation\jakarta.annotation-api\1.3.5\jakarta.annotation-api-1.3.5.jar;F:\dev_softerware\repository\org\yaml\snakeyaml\1.25\snakeyaml-1.25.jar;F:\dev_softerware\repository\org\thymeleaf\thymeleaf-spring5\3.0.11.RELEASE\thymeleaf-spring5-3.0.11.RELEASE.jar;F:\dev_softerware\repository\org\thymeleaf\thymeleaf\3.0.11.RELEASE\thymeleaf-3.0.11.RELEASE.jar;F:\dev_softerware\repository\org\attoparser\attoparser\2.0.5.RELEASE\attoparser-2.0.5.RELEASE.jar;F:\dev_softerware\repository\org\unbescape\unbescape\1.1.6.RELEASE\unbescape-1.1.6.RELEASE.jar;F:\dev_softerware\repository\org\slf4j\slf4j-api\1.7.30\slf4j-api-1.7.30.jar;F:\dev_softerware\repository\org\thymeleaf\extras\thymeleaf-extras-java8time\3.0.4.RELEASE\thymeleaf-extras-java8time-3.0.4.RELEASE.jar;F:\dev_softerware\repository\org\springframework\boot\spring-boot-starter-web\2.2.9.RELEASE\spring-boot-starter-web-2.2.9.RELEASE.jar;F:\dev_softerware\repository\org\springframework\boot\spring-boot-starter-json\2.2.9.RELEASE\spring-boot-starter-json-2.2.9.RELEASE.jar;F:\dev_softerware\repository\com\fasterxml\jackson\core\jackson-databind\2.10.5\jackson-databind-2.10.5.jar;F:\dev_softerware\repository\com\fasterxml\jackson\core\jackson-annotations\2.10.5\jackson-annotations-2.10.5.jar;F:\dev_softerware\repository\com\fasterxml\jackson\core\jackson-core\2.10.5\jackson-core-2.10.5.jar;F:\dev_softerware\repository\com\fasterxml\jackson\datatype\jackson-datatype-jdk8\2.10.5\jackson-datatype-jdk8-2.10.5.jar;F:\dev_softerware\repository\com\fasterxml\jackson\datatype\jackson-datatype-jsr310\2.10.5\jackson-datatype-jsr310-2.10.5.jar;F:\dev_softerware\repository\com\fasterxml\jackson\module\jackson-module-parameter-names\2.10.5\jackson-module-parameter-names-2.10.5.jar;F:\dev_softerware\repository\org\springframework\boot\spring-boot-starter-tomcat\2.2.9.RELEASE\spring-boot-starter-tomcat-2.2.9.RELEASE.jar;F:\dev_softerware\repository\org\apache\tomcat\embed\tomcat-embed-core\9.0.37\tomcat-embed-core-9.0.37.jar;F:\dev_softerware\repository\org\apache\tomcat\embed\tomcat-embed-el\9.0.37\tomcat-embed-el-9.0.37.jar;F:\dev_softerware\repository\org\apache\tomcat\embed\tomcat-embed-websocket\9.0.37\tomcat-embed-websocket-9.0.37.jar;F:\dev_softerware\repository\org\springframework\boot\spring-boot-starter-validation\2.2.9.RELEASE\spring-boot-starter-validation-2.2.9.RELEASE.jar;F:\dev_softerware\repository\jakarta\validation\jakarta.validation-api\2.0.2\jakarta.validation-api-2.0.2.jar;F:\dev_softerware\repository\org\hibernate\validator\hibernate-validator\6.0.20.Final\hibernate-validator-6.0.20.Final.jar;F:\dev_softerware\repository\org\springframework\spring-web\5.2.8.RELEASE\spring-web-5.2.8.RELEASE.jar;F:\dev_softerware\repository\org\springframework\spring-beans\5.2.8.RELEASE\spring-beans-5.2.8.RELEASE.jar;F:\dev_softerware\repository\org\springframework\spring-webmvc\5.2.8.RELEASE\spring-webmvc-5.2.8.RELEASE.jar;F:\dev_softerware\repository\org\springframework\spring-aop\5.2.8.RELEASE\spring-aop-5.2.8.RELEASE.jar;F:\dev_softerware\repository\org\springframework\spring-context\5.2.8.RELEASE\spring-context-5.2.8.RELEASE.jar;F:\dev_softerware\repository\org\springframework\spring-expression\5.2.8.RELEASE\spring-expression-5.2.8.RELEASE.jar;F:\dev_softerware\repository\org\springframework\boot\spring-boot-starter-jdbc\2.2.9.RELEASE\spring-boot-starter-jdbc-2.2.9.RELEASE.jar;F:\dev_softerware\repository\com\zaxxer\HikariCP\3.4.5\HikariCP-3.4.5.jar;F:\dev_softerware\repository\org\springframework\spring-jdbc\5.2.8.RELEASE\spring-jdbc-5.2.8.RELEASE.jar;F:\dev_softerware\repository\org\springframework\spring-tx\5.2.8.RELEASE\spring-tx-5.2.8.RELEASE.jar;F:\dev_softerware\repository\org\mybatis\spring\boot\mybatis-spring-boot-starter\2.1.3\mybatis-spring-boot-starter-2.1.3.jar;F:\dev_softerware\repository\org\mybatis\spring\boot\mybatis-spring-boot-autoconfigure\2.1.3\mybatis-spring-boot-autoconfigure-2.1.3.jar;F:\dev_softerware\repository\org\mybatis\mybatis\3.5.5\mybatis-3.5.5.jar;F:\dev_softerware\repository\org\mybatis\mybatis-spring\2.0.5\mybatis-spring-2.0.5.jar;F:\dev_softerware\repository\mysql\mysql-connector-java\8.0.21\mysql-connector-java-8.0.21.jar;F:\dev_softerware\repository\org\projectlombok\lombok\1.18.12\lombok-1.18.12.jar;F:\dev_softerware\repository\org\apache\poi\poi\4.0.1\poi-4.0.1.jar;F:\dev_softerware\repository\commons-codec\commons-codec\1.13\commons-codec-1.13.jar;F:\dev_softerware\repository\org\apache\commons\commons-collections4\4.2\commons-collections4-4.2.jar;F:\dev_softerware\repository\org\apache\commons\commons-math3\3.6.1\commons-math3-3.6.1.jar;F:\dev_softerware\repository\org\apache\poi\poi-ooxml\4.0.1\poi-ooxml-4.0.1.jar;F:\dev_softerware\repository\org\apache\poi\poi-ooxml-schemas\4.0.1\poi-ooxml-schemas-4.0.1.jar;F:\dev_softerware\repository\org\apache\xmlbeans\xmlbeans\3.0.2\xmlbeans-3.0.2.jar;F:\dev_softerware\repository\org\apache\commons\commons-compress\1.18\commons-compress-1.18.jar;F:\dev_softerware\repository\com\github\virtuald\curvesapi\1.05\curvesapi-1.05.jar;F:\dev_softerware\repository\com\alibaba\fastjson\1.2.47\fastjson-1.2.47.jar;F:\dev_softerware\repository\com\github\binarywang\weixin-java-miniapp\3.7.0\weixin-java-miniapp-3.7.0.jar;F:\dev_softerware\repository\com\github\binarywang\weixin-java-common\3.7.0\weixin-java-common-3.7.0.jar;F:\dev_softerware\repository\com\thoughtworks\xstream\xstream\1.4.11.1\xstream-1.4.11.1.jar;F:\dev_softerware\repository\xmlpull\xmlpull\1.1.3.1\xmlpull-1.1.3.1.jar;F:\dev_softerware\repository\xpp3\xpp3_min\1.1.4c\xpp3_min-1.1.4c.jar;F:\dev_softerware\repository\org\apache\httpcomponents\httpclient\4.5.12\httpclient-4.5.12.jar;F:\dev_softerware\repository\org\apache\httpcomponents\httpcore\4.4.13\httpcore-4.4.13.jar;F:\dev_softerware\repository\org\apache\httpcomponents\httpmime\4.5.12\httpmime-4.5.12.jar;F:\dev_softerware\repository\org\slf4j\jcl-over-slf4j\1.7.30\jcl-over-slf4j-1.7.30.jar;F:\dev_softerware\repository\com\google\code\gson\gson\2.8.6\gson-2.8.6.jar;F:\dev_softerware\repository\commons-io\commons-io\2.5\commons-io-2.5.jar;F:\dev_softerware\repository\org\apache\commons\commons-lang3\3.9\commons-lang3-3.9.jar;F:\dev_softerware\repository\com\google\guava\guava\20.0\guava-20.0.jar;F:\dev_softerware\repository\org\dom4j\dom4j\2.1.1\dom4j-2.1.1.jar;F:\dev_softerware\repository\org\bouncycastle\bcpkix-jdk15on\1.59\bcpkix-jdk15on-1.59.jar;F:\dev_softerware\repository\org\bouncycastle\bcprov-jdk15on\1.59\bcprov-jdk15on-1.59.jar;F:\dev_softerware\repository\org\springframework\boot\spring-boot-devtools\2.2.9.RELEASE\spring-boot-devtools-2.2.9.RELEASE.jar;F:\dev_softerware\repository\org\springframework\boot\spring-boot\2.2.9.RELEASE\spring-boot-2.2.9.RELEASE.jar;F:\dev_softerware\repository\org\springframework\boot\spring-boot-autoconfigure\2.2.9.RELEASE\spring-boot-autoconfigure-2.2.9.RELEASE.jar;F:\dev_softerware\repository\com\github\pagehelper\pagehelper\5.1.2\pagehelper-5.1.2.jar;F:\dev_softerware\repository\com\github\jsqlparser\jsqlparser\1.0\jsqlparser-1.0.jar;F:\dev_softerware\repository\com\alibaba\druid\1.1.22\druid-1.1.22.jar;F:\dev_softerware\repository\com\sun\jersey\jersey-core\1.19\jersey-core-1.19.jar;F:\dev_softerware\repository\javax\ws\rs\jsr311-api\1.1.1\jsr311-api-1.1.1.jar;F:\dev_softerware\repository\com\sun\jersey\jersey-client\1.19\jersey-client-1.19.jar;F:\dev_softerware\repository\org\webjars\jquery\3.5.1\jquery-3.5.1.jar;F:\dev_softerware\repository\org\webjars\layui\2.5.6\layui-2.5.6.jar;F:\dev_softerware\repository\org\springframework\boot\spring-boot-starter-data-jpa\2.2.9.RELEASE\spring-boot-starter-data-jpa-2.2.9.RELEASE.jar;F:\dev_softerware\repository\org\springframework\boot\spring-boot-starter-aop\2.2.9.RELEASE\spring-boot-starter-aop-2.2.9.RELEASE.jar;F:\dev_softerware\repository\org\aspectj\aspectjweaver\1.9.6\aspectjweaver-1.9.6.jar;F:\dev_softerware\repository\jakarta\persistence\jakarta.persistence-api\2.2.3\jakarta.persistence-api-2.2.3.jar;F:\dev_softerware\repository\jakarta\transaction\jakarta.transaction-api\1.3.3\jakarta.transaction-api-1.3.3.jar;F:\dev_softerware\repository\org\hibernate\hibernate-core\5.4.18.Final\hibernate-core-5.4.18.Final.jar;F:\dev_softerware\repository\org\jboss\logging\jboss-logging\3.4.1.Final\jboss-logging-3.4.1.Final.jar;F:\dev_softerware\repository\org\javassist\javassist\3.24.0-GA\javassist-3.24.0-GA.jar;F:\dev_softerware\repository\net\bytebuddy\byte-buddy\1.10.13\byte-buddy-1.10.13.jar;F:\dev_softerware\repository\antlr\antlr\2.7.7\antlr-2.7.7.jar;F:\dev_softerware\repository\org\jboss\jandex\2.1.3.Final\jandex-2.1.3.Final.jar;F:\dev_softerware\repository\com\fasterxml\classmate\1.5.1\classmate-1.5.1.jar;F:\dev_softerware\repository\org\hibernate\common\hibernate-commons-annotations\5.1.0.Final\hibernate-commons-annotations-5.1.0.Final.jar;F:\dev_softerware\repository\org\glassfish\jaxb\jaxb-runtime\2.3.3\jaxb-runtime-2.3.3.jar;F:\dev_softerware\repository\org\glassfish\jaxb\txw2\2.3.3\txw2-2.3.3.jar;F:\dev_softerware\repository\com\sun\istack\istack-commons-runtime\3.0.11\istack-commons-runtime-3.0.11.jar;F:\dev_softerware\repository\com\sun\activation\jakarta.activation\1.2.2\jakarta.activation-1.2.2.jar;F:\dev_softerware\repository\org\springframework\data\spring-data-jpa\2.2.9.RELEASE\spring-data-jpa-2.2.9.RELEASE.jar;F:\dev_softerware\repository\org\springframework\data\spring-data-commons\2.2.9.RELEASE\spring-data-commons-2.2.9.RELEASE.jar;F:\dev_softerware\repository\org\springframework\spring-orm\5.2.8.RELEASE\spring-orm-5.2.8.RELEASE.jar;F:\dev_softerware\repository\org\springframework\spring-aspects\5.2.8.RELEASE\spring-aspects-5.2.8.RELEASE.jar;F:\dev_softerware\repository\cn\hutool\hutool-all\5.5.4\hutool-all-5.5.4.jar;F:\dev_softerware\repository\javax\mail\mail\1.4.7\mail-1.4.7.jar;F:\dev_softerware\repository\javax\activation\activation\1.1\activation-1.1.jar;F:\dev_softerware\repository\org\springframework\boot\spring-boot-starter-test\2.2.9.RELEASE\spring-boot-starter-test-2.2.9.RELEASE.jar;F:\dev_softerware\repository\org\springframework\boot\spring-boot-test\2.2.9.RELEASE\spring-boot-test-2.2.9.RELEASE.jar;F:\dev_softerware\repository\org\springframework\boot\spring-boot-test-autoconfigure\2.2.9.RELEASE\spring-boot-test-autoconfigure-2.2.9.RELEASE.jar;F:\dev_softerware\repository\com\jayway\jsonpath\json-path\2.4.0\json-path-2.4.0.jar;F:\dev_softerware\repository\net\minidev\json-smart\2.3\json-smart-2.3.jar;F:\dev_softerware\repository\net\minidev\accessors-smart\1.2\accessors-smart-1.2.jar;F:\dev_softerware\repository\org\ow2\asm\asm\5.0.4\asm-5.0.4.jar;F:\dev_softerware\repository\jakarta\xml\bind\jakarta.xml.bind-api\2.3.3\jakarta.xml.bind-api-2.3.3.jar;F:\dev_softerware\repository\jakarta\activation\jakarta.activation-api\1.2.2\jakarta.activation-api-1.2.2.jar;F:\dev_softerware\repository\org\junit\jupiter\junit-jupiter\5.5.2\junit-jupiter-5.5.2.jar;F:\dev_softerware\repository\org\junit\jupiter\junit-jupiter-api\5.5.2\junit-jupiter-api-5.5.2.jar;F:\dev_softerware\repository\org\apiguardian\apiguardian-api\1.1.0\apiguardian-api-1.1.0.jar;F:\dev_softerware\repository\org\opentest4j\opentest4j\1.2.0\opentest4j-1.2.0.jar;F:\dev_softerware\repository\org\junit\platform\junit-platform-commons\1.5.2\junit-platform-commons-1.5.2.jar;F:\dev_softerware\repository\org\junit\jupiter\junit-jupiter-params\5.5.2\junit-jupiter-params-5.5.2.jar;F:\dev_softerware\repository\org\junit\jupiter\junit-jupiter-engine\5.5.2\junit-jupiter-engine-5.5.2.jar;F:\dev_softerware\repository\org\junit\platform\junit-platform-engine\1.5.2\junit-platform-engine-1.5.2.jar;F:\dev_softerware\repository\org\mockito\mockito-junit-jupiter\3.1.0\mockito-junit-jupiter-3.1.0.jar;F:\dev_softerware\repository\org\assertj\assertj-core\3.13.2\assertj-core-3.13.2.jar;F:\dev_softerware\repository\org\hamcrest\hamcrest\2.1\hamcrest-2.1.jar;F:\dev_softerware\repository\org\mockito\mockito-core\3.1.0\mockito-core-3.1.0.jar;F:\dev_softerware\repository\net\bytebuddy\byte-buddy-agent\1.10.13\byte-buddy-agent-1.10.13.jar;F:\dev_softerware\repository\org\objenesis\objenesis\2.6\objenesis-2.6.jar;F:\dev_softerware\repository\org\skyscreamer\jsonassert\1.5.0\jsonassert-1.5.0.jar;F:\dev_softerware\repository\com\vaadin\external\google\android-json\0.0.20131108.vaadin1\android-json-0.0.20131108.vaadin1.jar;F:\dev_softerware\repository\org\springframework\spring-core\5.2.8.RELEASE\spring-core-5.2.8.RELEASE.jar;F:\dev_softerware\repository\org\springframework\spring-jcl\5.2.8.RELEASE\spring-jcl-5.2.8.RELEASE.jar;F:\dev_softerware\repository\org\springframework\spring-test\5.2.8.RELEASE\spring-test-5.2.8.RELEASE.jar;F:\dev_softerware\repository\org\xmlunit\xmlunit-core\2.6.4\xmlunit-core-2.6.4.jar;"/>
    <property name="sun.cpu.endian" value="little"/>
    <property name="user.home" value="C:\Users\camio"/>
    <property name="user.language" value="zh"/>
    <property name="java.specification.vendor" value="Oracle Corporation"/>
    <property name="java.home" value="D:\Java\JDK\jre"/>
    <property name="basedir" value="C:\Users\camio\Desktop\community management\community_estate_manage"/>
    <property name="file.separator" value="\"/>
    <property name="line.separator" value="&#10;"/>
    <property name="java.vm.specification.vendor" value="Oracle Corporation"/>
    <property name="java.specification.name" value="Java Platform API Specification"/>
    <property name="java.awt.graphicsenv" value="sun.awt.Win32GraphicsEnvironment"/>
    <property name="surefire.real.class.path" value="C:\Users\camio\AppData\Local\Temp\surefire8909181916933973233\surefirebooter6978410543470369354.jar"/>
    <property name="sun.boot.class.path" value="D:\Java\JDK\jre\lib\resources.jar;D:\Java\JDK\jre\lib\rt.jar;D:\Java\JDK\jre\lib\jsse.jar;D:\Java\JDK\jre\lib\jce.jar;D:\Java\JDK\jre\lib\charsets.jar;D:\Java\JDK\jre\lib\jfr.jar;D:\Java\JDK\jre\classes"/>
    <property name="user.script" value=""/>
    <property name="sun.management.compiler" value="HotSpot 64-Bit Tiered Compilers"/>
    <property name="java.runtime.version" value="1.8.0_341-b10"/>
    <property name="user.name" value="camio"/>
    <property name="path.separator" value=";"/>
    <property name="os.version" value="10.0"/>
    <property name="java.endorsed.dirs" value="D:\Java\JDK\jre\lib\endorsed"/>
    <property name="java.runtime.name" value="Java(TM) SE Runtime Environment"/>
    <property name="file.encoding" value="GBK"/>
    <property name="java.vm.name" value="Java HotSpot(TM) 64-Bit Server VM"/>
    <property name="localRepository" value="F:\dev_softerware\repository"/>
    <property name="java.vendor.url.bug" value="http://bugreport.sun.com/bugreport/"/>
    <property name="java.io.tmpdir" value="C:\Users\camio\AppData\Local\Temp\"/>
    <property name="java.version" value="1.8.0_341"/>
    <property name="user.dir" value="C:\Users\camio\Desktop\community management\community_estate_manage"/>
    <property name="os.arch" value="amd64"/>
    <property name="java.vm.specification.name" value="Java Virtual Machine Specification"/>
    <property name="java.awt.printerjob" value="sun.awt.windows.WPrinterJob"/>
    <property name="sun.os.patch.level" value=""/>
    <property name="java.library.path" value="D:\Java\JDK\jre\bin;C:\WINDOWS\Sun\Java\bin;C:\WINDOWS\system32;C:\WINDOWS;C:\Program Files\NVIDIA GPU Computing Toolkit\CUDA\v12.0\bin;C:\Program Files\NVIDIA GPU Computing Toolkit\CUDA\v12.0\libnvvp;D:\vmware 16 pro\bin\;C:\Program Files (x86)\Common Files\Oracle\Java\javapath;C:\Windows\System32;C:\Windows;C:\Windows\System32\wbem;C:\Windows\System32\WindowsPowerShell\v1.0\;C:\Windows\System32\OpenSSH\;C:\Program Files (x86)\NVIDIA Corporation\PhysX\Common;C:\Program Files\Microsoft SQL Server\Client SDK\ODBC\170\Tools\Binn\;D:\Java\JRE\bin;D:\Java\JDK\bin;D:\tomcat\apache-tomcat-10.0.27\bin;D:\Program Files\Polyspace\R2021a\runtime\win64;D:\Program Files\Polyspace\R2021a\bin;D:\Program Files\Polyspace\R2021a\polyspace\bin;C:\Program Files (x86)\Microsoft SQL Server\160\Tools\Binn\;C:\Program Files\Microsoft SQL Server\160\Tools\Binn\;C:\Program Files\Microsoft SQL Server\160\DTS\Binn\;C:\Program Files\Azure Data Studio\bin;F:\springboot\Install\apache-maven-3.6.3\bin\;F:\springboot\Install\node;D:\SPSS\JRE\bin;F:\vsCode\mingw64\bin;C:\Program Files (x86)\Windows Kits\10\Windows Performance Toolkit\;F:\GPG\GnuPG\bin;F:\Opencvs\opencv455\opencv\build\x64\vc15\bin;C:\Program Files\NVIDIA Corporation\Nsight Compute 2022.4.0\;F:\springboot\;C:\Windows\System32;C:\Windows;C:\Windows\System32\wbem;C:\Windows\System32\WindowsPowerShell\v1.0\;C:\Windows\System32\OpenSSH\;C:\Program Files\Microsoft SQL Server\150\Tools\Binn\;C:\Program Files\dotnet\;C:\Program Files\NVIDIA Corporation\NVIDIA app\NvDLISR;F:\springboot\Install\Git\cmd;C:\Users\camio\AppData\Local\Programs\Python\Python310\Scripts\;C:\Users\camio\AppData\Local\Programs\Python\Python310\;C:\Users\camio\AppData\Local\Microsoft\WindowsApps;C:\Program Files\Azure Data Studio\bin;F:\PyCharm 2023.3\bin;;F:\vm;F:\vmw\SSH;F:\vsCode\Microsoft VS Code\bin;C:\Users\camio\.dotnet\tools;C:\Users\camio\AppData\Roaming\npm;F:\cursor\resources\app\bin;."/>
    <property name="java.vm.info" value="mixed mode"/>
    <property name="java.vendor" value="Oracle Corporation"/>
    <property name="java.vm.version" value="25.341-b10"/>
    <property name="java.ext.dirs" value="D:\Java\JDK\jre\lib\ext;C:\WINDOWS\Sun\Java\lib\ext"/>
    <property name="sun.io.unicode.encoding" value="UnicodeLittle"/>
    <property name="java.class.version" value="52.0"/>
  </properties>
  <testcase name="testSQL" classname="com.project.property.PropertyAdminApplicationTests" time="0.246"/>
  <testcase name="testDate" classname="com.project.property.PropertyAdminApplicationTests" time="0.013"/>
  <testcase name="testIdCardHandle" classname="com.project.property.PropertyAdminApplicationTests" time="0.004"/>
  <testcase name="testDateStr" classname="com.project.property.PropertyAdminApplicationTests" time="0.038"/>
  <testcase name="contextLoads" classname="com.project.property.PropertyAdminApplicationTests" time="0.211"/>
  <testcase name="testSelect" classname="com.project.property.PropertyAdminApplicationTests" time="0.038"/>
  <testcase name="transactionAdviceConfig" classname="com.project.property.PropertyAdminApplicationTests" time="0.065"/>
</testsuite>